[04/09 18:04:39][INFO] train_net.py: 377: Train with config:
[04/09 18:04:39][INFO] train_net.py: 378: {'AVA': {'ANNOTATION_DIR': '/scratch/ssd002/datasets/cv_project/ava/ava_annotations/',
         'BGR': False,
         'DETECTION_SCORE_THRESH': 0.9,
         'EXCLUSION_FILE': 'ava_val_excluded_timestamps_v2.2.csv',
         'FRAME_DIR': '/scratch/ssd002/datasets/cv_project/ava/frames/',
         'FRAME_LIST_DIR': '/scratch/ssd002/datasets/cv_project/ava/frame_lists/',
         'FULL_TEST_ON_VAL': False,
         'GROUNDTRUTH_FILE': 'ava_val_v2.2.csv',
         'IMG_PROC_BACKEND': 'cv2',
         'LABEL_MAP_FILE': 'ava_action_list_v2.2_for_activitynet_2019.pbtxt',
         'TEST_FORCE_FLIP': False,
         'TEST_LISTS': ['val.csv'],
         'TEST_PREDICT_BOX_LISTS': ['person_box_67091280_iou90/ava_detection_val_boxes_and_labels.csv'],
         'TRAIN_GT_BOX_LISTS': ['ava_train_v2.2.csv'],
         'TRAIN_LISTS': ['train.csv'],
         'TRAIN_PCA_EIGVAL': [0.225, 0.224, 0.229],
         'TRAIN_PCA_EIGVEC': [[-0.5675, 0.7192, 0.4009],
                              [-0.5808, -0.0045, -0.814],
                              [-0.5836, -0.6948, 0.4203]],
         'TRAIN_PCA_JITTER_ONLY': True,
         'TRAIN_PREDICT_BOX_LISTS': ['ava_train_v2.2.csv',
                                     'person_box_67091280_iou90/ava_detection_train_boxes_and_labels_include_negative_v2.2.csv'],
         'TRAIN_USE_COLOR_AUGMENTATION': False},
 'BENCHMARK': CfgNode({'NUM_EPOCHS': 5, 'LOG_PERIOD': 100, 'SHUFFLE': True}),
 'BN': {'NORM_TYPE': 'batchnorm',
        'NUM_BATCHES_PRECISE': 200,
        'NUM_SPLITS': 1,
        'NUM_SYNC_DEVICES': 1,
        'USE_PRECISE_STATS': False,
        'WEIGHT_DECAY': 0.0},
 'DATA': {'DECODING_BACKEND': 'pyav',
          'ENSEMBLE_METHOD': 'sum',
          'INPUT_CHANNEL_NUM': [3],
          'INV_UNIFORM_SAMPLE': False,
          'MEAN': [0.45, 0.45, 0.45],
          'MULTI_LABEL': False,
          'NUM_FRAMES': 4,
          'PATH_LABEL_SEPARATOR': ' ',
          'PATH_PREFIX': '',
          'PATH_TO_DATA_DIR': '',
          'RANDOM_FLIP': True,
          'REVERSE_INPUT_CHANNEL': False,
          'SAMPLING_RATE': 16,
          'STD': [0.225, 0.225, 0.225],
          'TARGET_FPS': 30,
          'TEST_CROP_SIZE': 256,
          'TRAIN_CROP_SIZE': 224,
          'TRAIN_JITTER_SCALES': [256, 320]},
 'DATA_LOADER': {'ENABLE_MULTI_THREAD_DECODE': False,
                 'NUM_WORKERS': 2,
                 'PIN_MEMORY': True},
 'DEMO': {'BUFFER_SIZE': 0,
          'CLIP_VIS_SIZE': 10,
          'COMMON_CLASS_NAMES': ['watch (a person)',
                                 'talk to (e.g., self, a person, a group)',
                                 'listen to (a person)',
                                 'touch (an object)',
                                 'carry/hold (an object)',
                                 'walk',
                                 'sit',
                                 'lie/sleep',
                                 'bend/bow (at the waist)'],
          'COMMON_CLASS_THRES': 0.7,
          'DETECTRON2_CFG': 'COCO-Detection/faster_rcnn_R_50_FPN_3x.yaml',
          'DETECTRON2_THRESH': 0.9,
          'DETECTRON2_WEIGHTS': 'detectron2://COCO-Detection/faster_rcnn_R_50_FPN_3x/137849458/model_final_280758.pkl',
          'DISPLAY_HEIGHT': 0,
          'DISPLAY_WIDTH': 0,
          'ENABLE': False,
          'FPS': 30,
          'GT_BOXES': '',
          'INPUT_FORMAT': 'BGR',
          'INPUT_VIDEO': '',
          'LABEL_FILE_PATH': '',
          'NUM_CLIPS_SKIP': 0,
          'NUM_VIS_INSTANCES': 2,
          'OUTPUT_FILE': '',
          'OUTPUT_FPS': -1,
          'PREDS_BOXES': '',
          'SLOWMO': 1,
          'STARTING_SECOND': 900,
          'THREAD_ENABLE': False,
          'UNCOMMON_CLASS_THRES': 0.3,
          'VIS_MODE': 'thres',
          'WEBCAM': -1},
 'DETECTION': {'ALIGNED': True,
               'ENABLE': True,
               'ROI_XFORM_RESOLUTION': 7,
               'SPATIAL_SCALE_FACTOR': 16},
 'DIST_BACKEND': 'nccl',
 'LOG_MODEL_INFO': True,
 'LOG_PERIOD': 10,
 'MODEL': {'ARCH': 'slow',
           'DROPCONNECT_RATE': 0.0,
           'DROPOUT_RATE': 0.5,
           'FC_INIT_STD': 0.01,
           'HEAD_ACT': 'sigmoid',
           'LOSS_FUNC': 'bce',
           'MODEL_NAME': 'ResNet',
           'MULTI_PATHWAY_ARCH': ['slowfast'],
           'NUM_CLASSES': 80,
           'SINGLE_PATHWAY_ARCH': ['c2d', 'i3d', 'slow', 'x3d']},
 'MULTIGRID': {'BN_BASE_SIZE': 8,
               'DEFAULT_B': 0,
               'DEFAULT_S': 0,
               'DEFAULT_T': 0,
               'EPOCH_FACTOR': 1.5,
               'EVAL_FREQ': 3,
               'LONG_CYCLE': False,
               'LONG_CYCLE_FACTORS': [(0.25, 0.7071067811865476),
                                      (0.5, 0.7071067811865476),
                                      (0.5, 1),
                                      (1, 1)],
               'LONG_CYCLE_SAMPLING_RATE': 0,
               'SHORT_CYCLE': False,
               'SHORT_CYCLE_FACTORS': [0.5, 0.7071067811865476]},
 'NONLOCAL': {'GROUP': [[1], [1], [1], [1]],
              'INSTANTIATION': 'softmax',
              'LOCATION': [[[]], [[]], [[]], [[]]],
              'POOL': [[[1, 2, 2], [1, 2, 2]],
                       [[1, 2, 2], [1, 2, 2]],
                       [[1, 2, 2], [1, 2, 2]],
                       [[1, 2, 2], [1, 2, 2]]]},
 'NUM_GPUS': 1,
 'NUM_SHARDS': 1,
 'OUTPUT_DIR': '.',
 'RESNET': {'DEPTH': 50,
            'INPLACE_RELU': True,
            'NUM_BLOCK_TEMP_KERNEL': [[3], [4], [6], [3]],
            'NUM_GROUPS': 1,
            'SPATIAL_DILATIONS': [[1], [1], [1], [2]],
            'SPATIAL_STRIDES': [[1], [2], [2], [1]],
            'STRIDE_1X1': False,
            'TRANS_FUNC': 'bottleneck_transform',
            'WIDTH_PER_GROUP': 64,
            'ZERO_INIT_FINAL_BN': True},
 'RNG_SEED': 0,
 'SHARD_ID': 0,
 'SLOWFAST': {'ALPHA': 8,
              'BETA_INV': 8,
              'FUSION_CONV_CHANNEL_RATIO': 2,
              'FUSION_KERNEL_SZ': 5},
 'SOLVER': {'BASE_LR': 0.0125,
            'BASE_LR_SCALE_NUM_SHARDS': False,
            'COSINE_END_LR': 0.0,
            'DAMPENING': 0.0,
            'GAMMA': 0.1,
            'LRS': [1, 0.1, 0.01, 0.001],
            'LR_POLICY': 'steps_with_relative_lrs',
            'MAX_EPOCH': 20,
            'MOMENTUM': 0.9,
            'NESTEROV': True,
            'OPTIMIZING_METHOD': 'sgd',
            'STEPS': [0, 10, 15, 20],
            'STEP_SIZE': 1,
            'WARMUP_EPOCHS': 5.0,
            'WARMUP_FACTOR': 0.1,
            'WARMUP_START_LR': 0.000125,
            'WEIGHT_DECAY': 1e-07},
 'TENSORBOARD': {'CATEGORIES_PATH': '',
                 'CLASS_NAMES_PATH': '',
                 'CONFUSION_MATRIX': {'ENABLE': False,
                                      'FIGSIZE': [8, 8],
                                      'SUBSET_PATH': ''},
                 'ENABLE': False,
                 'HISTOGRAM': {'ENABLE': False,
                               'FIGSIZE': [8, 8],
                               'SUBSET_PATH': '',
                               'TOPK': 10},
                 'LOG_DIR': '',
                 'MODEL_VIS': {'ACTIVATIONS': False,
                               'COLORMAP': 'Pastel2',
                               'ENABLE': False,
                               'GRAD_CAM': {'COLORMAP': 'viridis',
                                            'ENABLE': True,
                                            'LAYER_LIST': [],
                                            'USE_TRUE_LABEL': False},
                               'INPUT_VIDEO': False,
                               'LAYER_LIST': [],
                               'MODEL_WEIGHTS': False,
                               'TOPK_PREDS': 1},
                 'PREDICTIONS_PATH': '',
                 'WRONG_PRED_VIS': {'ENABLE': False,
                                    'SUBSET_PATH': '',
                                    'TAG': 'Incorrectly classified videos.'}},
 'TEST': {'BATCH_SIZE': 8,
          'CHECKPOINT_FILE_PATH': '',
          'CHECKPOINT_TYPE': 'pytorch',
          'DATASET': 'ava',
          'ENABLE': True,
          'NUM_ENSEMBLE_VIEWS': 10,
          'NUM_SPATIAL_CROPS': 3,
          'SAVE_RESULTS_PATH': ''},
 'TRAIN': {'AUTO_RESUME': True,
           'BATCH_SIZE': 8,
           'CHECKPOINT_CLEAR_NAME_PATTERN': (),
           'CHECKPOINT_EPOCH_RESET': False,
           'CHECKPOINT_FILE_PATH': '',
           'CHECKPOINT_INFLATE': False,
           'CHECKPOINT_PERIOD': 1,
           'CHECKPOINT_TYPE': 'caffe2',
           'DATASET': 'ava',
           'ENABLE': True,
           'EVAL_PERIOD': 5},
 'X3D': {'BN_LIN5': False,
         'BOTTLENECK_FACTOR': 1.0,
         'CHANNELWISE_3x3x3': True,
         'DEPTH_FACTOR': 1.0,
         'DIM_C1': 12,
         'DIM_C5': 2048,
         'SCALE_RES2': False,
         'WIDTH_FACTOR': 1.0}}
[04/09 18:04:45][INFO] misc.py: 169: Model:
ResNet(
  (s1): VideoModelStem(
    (pathway0_stem): ResNetBasicStem(
      (conv): Conv3d(3, 64, kernel_size=[1, 7, 7], stride=[1, 2, 2], padding=[0, 3, 3], bias=False)
      (bn): BatchNorm3d(64, eps=1e-05, momentum=0.1, affine=True, track_running_stats=True)
      (relu): ReLU(inplace=True)
      (pool_layer): MaxPool3d(kernel_size=[1, 3, 3], stride=[1, 2, 2], padding=[0, 1, 1], dilation=1, ceil_mode=False)
    )
  )
  (s2): ResStage(
    (pathway0_res0): ResBlock(
      (branch1): Conv3d(64, 256, kernel_size=(1, 1, 1), stride=[1, 1, 1], bias=False)
      (branch1_bn): BatchNorm3d(256, eps=1e-05, momentum=0.1, affine=True, track_running_stats=True)
      (branch2): BottleneckTransform(
        (a): Conv3d(64, 64, kernel_size=[1, 1, 1], stride=[1, 1, 1], padding=[0, 0, 0], bias=False)
        (a_bn): BatchNorm3d(64, eps=1e-05, momentum=0.1, affine=True, track_running_stats=True)
        (a_relu): ReLU(inplace=True)
        (b): Conv3d(64, 64, kernel_size=[1, 3, 3], stride=[1, 1, 1], padding=[0, 1, 1], dilation=[1, 1, 1], bias=False)
        (b_bn): BatchNorm3d(64, eps=1e-05, momentum=0.1, affine=True, track_running_stats=True)
        (b_relu): ReLU(inplace=True)
        (c): Conv3d(64, 256, kernel_size=[1, 1, 1], stride=[1, 1, 1], padding=[0, 0, 0], bias=False)
        (c_bn): BatchNorm3d(256, eps=1e-05, momentum=0.1, affine=True, track_running_stats=True)
      )
      (relu): ReLU(inplace=True)
    )
    (pathway0_res1): ResBlock(
      (branch2): BottleneckTransform(
        (a): Conv3d(256, 64, kernel_size=[1, 1, 1], stride=[1, 1, 1], padding=[0, 0, 0], bias=False)
        (a_bn): BatchNorm3d(64, eps=1e-05, momentum=0.1, affine=True, track_running_stats=True)
        (a_relu): ReLU(inplace=True)
        (b): Conv3d(64, 64, kernel_size=[1, 3, 3], stride=[1, 1, 1], padding=[0, 1, 1], dilation=[1, 1, 1], bias=False)
        (b_bn): BatchNorm3d(64, eps=1e-05, momentum=0.1, affine=True, track_running_stats=True)
        (b_relu): ReLU(inplace=True)
        (c): Conv3d(64, 256, kernel_size=[1, 1, 1], stride=[1, 1, 1], padding=[0, 0, 0], bias=False)
        (c_bn): BatchNorm3d(256, eps=1e-05, momentum=0.1, affine=True, track_running_stats=True)
      )
      (relu): ReLU(inplace=True)
    )
    (pathway0_res2): ResBlock(
      (branch2): BottleneckTransform(
        (a): Conv3d(256, 64, kernel_size=[1, 1, 1], stride=[1, 1, 1], padding=[0, 0, 0], bias=False)
        (a_bn): BatchNorm3d(64, eps=1e-05, momentum=0.1, affine=True, track_running_stats=True)
        (a_relu): ReLU(inplace=True)
        (b): Conv3d(64, 64, kernel_size=[1, 3, 3], stride=[1, 1, 1], padding=[0, 1, 1], dilation=[1, 1, 1], bias=False)
        (b_bn): BatchNorm3d(64, eps=1e-05, momentum=0.1, affine=True, track_running_stats=True)
        (b_relu): ReLU(inplace=True)
        (c): Conv3d(64, 256, kernel_size=[1, 1, 1], stride=[1, 1, 1], padding=[0, 0, 0], bias=False)
        (c_bn): BatchNorm3d(256, eps=1e-05, momentum=0.1, affine=True, track_running_stats=True)
      )
      (relu): ReLU(inplace=True)
    )
  )
  (pathway0_pool): MaxPool3d(kernel_size=[1, 1, 1], stride=[1, 1, 1], padding=[0, 0, 0], dilation=1, ceil_mode=False)
  (s3): ResStage(
    (pathway0_res0): ResBlock(
      (branch1): Conv3d(256, 512, kernel_size=(1, 1, 1), stride=[1, 2, 2], bias=False)
      (branch1_bn): BatchNorm3d(512, eps=1e-05, momentum=0.1, affine=True, track_running_stats=True)
      (branch2): BottleneckTransform(
        (a): Conv3d(256, 128, kernel_size=[1, 1, 1], stride=[1, 1, 1], padding=[0, 0, 0], bias=False)
        (a_bn): BatchNorm3d(128, eps=1e-05, momentum=0.1, affine=True, track_running_stats=True)
        (a_relu): ReLU(inplace=True)
        (b): Conv3d(128, 128, kernel_size=[1, 3, 3], stride=[1, 2, 2], padding=[0, 1, 1], dilation=[1, 1, 1], bias=False)
        (b_bn): BatchNorm3d(128, eps=1e-05, momentum=0.1, affine=True, track_running_stats=True)
        (b_relu): ReLU(inplace=True)
        (c): Conv3d(128, 512, kernel_size=[1, 1, 1], stride=[1, 1, 1], padding=[0, 0, 0], bias=False)
        (c_bn): BatchNorm3d(512, eps=1e-05, momentum=0.1, affine=True, track_running_stats=True)
      )
      (relu): ReLU(inplace=True)
    )
    (pathway0_res1): ResBlock(
      (branch2): BottleneckTransform(
        (a): Conv3d(512, 128, kernel_size=[1, 1, 1], stride=[1, 1, 1], padding=[0, 0, 0], bias=False)
        (a_bn): BatchNorm3d(128, eps=1e-05, momentum=0.1, affine=True, track_running_stats=True)
        (a_relu): ReLU(inplace=True)
        (b): Conv3d(128, 128, kernel_size=[1, 3, 3], stride=[1, 1, 1], padding=[0, 1, 1], dilation=[1, 1, 1], bias=False)
        (b_bn): BatchNorm3d(128, eps=1e-05, momentum=0.1, affine=True, track_running_stats=True)
        (b_relu): ReLU(inplace=True)
        (c): Conv3d(128, 512, kernel_size=[1, 1, 1], stride=[1, 1, 1], padding=[0, 0, 0], bias=False)
        (c_bn): BatchNorm3d(512, eps=1e-05, momentum=0.1, affine=True, track_running_stats=True)
      )
      (relu): ReLU(inplace=True)
    )
    (pathway0_res2): ResBlock(
      (branch2): BottleneckTransform(
        (a): Conv3d(512, 128, kernel_size=[1, 1, 1], stride=[1, 1, 1], padding=[0, 0, 0], bias=False)
        (a_bn): BatchNorm3d(128, eps=1e-05, momentum=0.1, affine=True, track_running_stats=True)
        (a_relu): ReLU(inplace=True)
        (b): Conv3d(128, 128, kernel_size=[1, 3, 3], stride=[1, 1, 1], padding=[0, 1, 1], dilation=[1, 1, 1], bias=False)
        (b_bn): BatchNorm3d(128, eps=1e-05, momentum=0.1, affine=True, track_running_stats=True)
        (b_relu): ReLU(inplace=True)
        (c): Conv3d(128, 512, kernel_size=[1, 1, 1], stride=[1, 1, 1], padding=[0, 0, 0], bias=False)
        (c_bn): BatchNorm3d(512, eps=1e-05, momentum=0.1, affine=True, track_running_stats=True)
      )
      (relu): ReLU(inplace=True)
    )
    (pathway0_res3): ResBlock(
      (branch2): BottleneckTransform(
        (a): Conv3d(512, 128, kernel_size=[1, 1, 1], stride=[1, 1, 1], padding=[0, 0, 0], bias=False)
        (a_bn): BatchNorm3d(128, eps=1e-05, momentum=0.1, affine=True, track_running_stats=True)
        (a_relu): ReLU(inplace=True)
        (b): Conv3d(128, 128, kernel_size=[1, 3, 3], stride=[1, 1, 1], padding=[0, 1, 1], dilation=[1, 1, 1], bias=False)
        (b_bn): BatchNorm3d(128, eps=1e-05, momentum=0.1, affine=True, track_running_stats=True)
        (b_relu): ReLU(inplace=True)
        (c): Conv3d(128, 512, kernel_size=[1, 1, 1], stride=[1, 1, 1], padding=[0, 0, 0], bias=False)
        (c_bn): BatchNorm3d(512, eps=1e-05, momentum=0.1, affine=True, track_running_stats=True)
      )
      (relu): ReLU(inplace=True)
    )
  )
  (s4): ResStage(
    (pathway0_res0): ResBlock(
      (branch1): Conv3d(512, 1024, kernel_size=(1, 1, 1), stride=[1, 2, 2], bias=False)
      (branch1_bn): BatchNorm3d(1024, eps=1e-05, momentum=0.1, affine=True, track_running_stats=True)
      (branch2): BottleneckTransform(
        (a): Conv3d(512, 256, kernel_size=[3, 1, 1], stride=[1, 1, 1], padding=[1, 0, 0], bias=False)
        (a_bn): BatchNorm3d(256, eps=1e-05, momentum=0.1, affine=True, track_running_stats=True)
        (a_relu): ReLU(inplace=True)
        (b): Conv3d(256, 256, kernel_size=[1, 3, 3], stride=[1, 2, 2], padding=[0, 1, 1], dilation=[1, 1, 1], bias=False)
        (b_bn): BatchNorm3d(256, eps=1e-05, momentum=0.1, affine=True, track_running_stats=True)
        (b_relu): ReLU(inplace=True)
        (c): Conv3d(256, 1024, kernel_size=[1, 1, 1], stride=[1, 1, 1], padding=[0, 0, 0], bias=False)
        (c_bn): BatchNorm3d(1024, eps=1e-05, momentum=0.1, affine=True, track_running_stats=True)
      )
      (relu): ReLU(inplace=True)
    )
    (pathway0_res1): ResBlock(
      (branch2): BottleneckTransform(
        (a): Conv3d(1024, 256, kernel_size=[3, 1, 1], stride=[1, 1, 1], padding=[1, 0, 0], bias=False)
        (a_bn): BatchNorm3d(256, eps=1e-05, momentum=0.1, affine=True, track_running_stats=True)
        (a_relu): ReLU(inplace=True)
        (b): Conv3d(256, 256, kernel_size=[1, 3, 3], stride=[1, 1, 1], padding=[0, 1, 1], dilation=[1, 1, 1], bias=False)
        (b_bn): BatchNorm3d(256, eps=1e-05, momentum=0.1, affine=True, track_running_stats=True)
        (b_relu): ReLU(inplace=True)
        (c): Conv3d(256, 1024, kernel_size=[1, 1, 1], stride=[1, 1, 1], padding=[0, 0, 0], bias=False)
        (c_bn): BatchNorm3d(1024, eps=1e-05, momentum=0.1, affine=True, track_running_stats=True)
      )
      (relu): ReLU(inplace=True)
    )
    (pathway0_res2): ResBlock(
      (branch2): BottleneckTransform(
        (a): Conv3d(1024, 256, kernel_size=[3, 1, 1], stride=[1, 1, 1], padding=[1, 0, 0], bias=False)
        (a_bn): BatchNorm3d(256, eps=1e-05, momentum=0.1, affine=True, track_running_stats=True)
        (a_relu): ReLU(inplace=True)
        (b): Conv3d(256, 256, kernel_size=[1, 3, 3], stride=[1, 1, 1], padding=[0, 1, 1], dilation=[1, 1, 1], bias=False)
        (b_bn): BatchNorm3d(256, eps=1e-05, momentum=0.1, affine=True, track_running_stats=True)
        (b_relu): ReLU(inplace=True)
        (c): Conv3d(256, 1024, kernel_size=[1, 1, 1], stride=[1, 1, 1], padding=[0, 0, 0], bias=False)
        (c_bn): BatchNorm3d(1024, eps=1e-05, momentum=0.1, affine=True, track_running_stats=True)
      )
      (relu): ReLU(inplace=True)
    )
    (pathway0_res3): ResBlock(
      (branch2): BottleneckTransform(
        (a): Conv3d(1024, 256, kernel_size=[3, 1, 1], stride=[1, 1, 1], padding=[1, 0, 0], bias=False)
        (a_bn): BatchNorm3d(256, eps=1e-05, momentum=0.1, affine=True, track_running_stats=True)
        (a_relu): ReLU(inplace=True)
        (b): Conv3d(256, 256, kernel_size=[1, 3, 3], stride=[1, 1, 1], padding=[0, 1, 1], dilation=[1, 1, 1], bias=False)
        (b_bn): BatchNorm3d(256, eps=1e-05, momentum=0.1, affine=True, track_running_stats=True)
        (b_relu): ReLU(inplace=True)
        (c): Conv3d(256, 1024, kernel_size=[1, 1, 1], stride=[1, 1, 1], padding=[0, 0, 0], bias=False)
        (c_bn): BatchNorm3d(1024, eps=1e-05, momentum=0.1, affine=True, track_running_stats=True)
      )
      (relu): ReLU(inplace=True)
    )
    (pathway0_res4): ResBlock(
      (branch2): BottleneckTransform(
        (a): Conv3d(1024, 256, kernel_size=[3, 1, 1], stride=[1, 1, 1], padding=[1, 0, 0], bias=False)
        (a_bn): BatchNorm3d(256, eps=1e-05, momentum=0.1, affine=True, track_running_stats=True)
        (a_relu): ReLU(inplace=True)
        (b): Conv3d(256, 256, kernel_size=[1, 3, 3], stride=[1, 1, 1], padding=[0, 1, 1], dilation=[1, 1, 1], bias=False)
        (b_bn): BatchNorm3d(256, eps=1e-05, momentum=0.1, affine=True, track_running_stats=True)
        (b_relu): ReLU(inplace=True)
        (c): Conv3d(256, 1024, kernel_size=[1, 1, 1], stride=[1, 1, 1], padding=[0, 0, 0], bias=False)
        (c_bn): BatchNorm3d(1024, eps=1e-05, momentum=0.1, affine=True, track_running_stats=True)
      )
      (relu): ReLU(inplace=True)
    )
    (pathway0_res5): ResBlock(
      (branch2): BottleneckTransform(
        (a): Conv3d(1024, 256, kernel_size=[3, 1, 1], stride=[1, 1, 1], padding=[1, 0, 0], bias=False)
        (a_bn): BatchNorm3d(256, eps=1e-05, momentum=0.1, affine=True, track_running_stats=True)
        (a_relu): ReLU(inplace=True)
        (b): Conv3d(256, 256, kernel_size=[1, 3, 3], stride=[1, 1, 1], padding=[0, 1, 1], dilation=[1, 1, 1], bias=False)
        (b_bn): BatchNorm3d(256, eps=1e-05, momentum=0.1, affine=True, track_running_stats=True)
        (b_relu): ReLU(inplace=True)
        (c): Conv3d(256, 1024, kernel_size=[1, 1, 1], stride=[1, 1, 1], padding=[0, 0, 0], bias=False)
        (c_bn): BatchNorm3d(1024, eps=1e-05, momentum=0.1, affine=True, track_running_stats=True)
      )
      (relu): ReLU(inplace=True)
    )
  )
  (s5): ResStage(
    (pathway0_res0): ResBlock(
      (branch1): Conv3d(1024, 2048, kernel_size=(1, 1, 1), stride=[1, 1, 1], bias=False)
      (branch1_bn): BatchNorm3d(2048, eps=1e-05, momentum=0.1, affine=True, track_running_stats=True)
      (branch2): BottleneckTransform(
        (a): Conv3d(1024, 512, kernel_size=[3, 1, 1], stride=[1, 1, 1], padding=[1, 0, 0], bias=False)
        (a_bn): BatchNorm3d(512, eps=1e-05, momentum=0.1, affine=True, track_running_stats=True)
        (a_relu): ReLU(inplace=True)
        (b): Conv3d(512, 512, kernel_size=[1, 3, 3], stride=[1, 1, 1], padding=[0, 2, 2], dilation=[1, 2, 2], bias=False)
        (b_bn): BatchNorm3d(512, eps=1e-05, momentum=0.1, affine=True, track_running_stats=True)
        (b_relu): ReLU(inplace=True)
        (c): Conv3d(512, 2048, kernel_size=[1, 1, 1], stride=[1, 1, 1], padding=[0, 0, 0], bias=False)
        (c_bn): BatchNorm3d(2048, eps=1e-05, momentum=0.1, affine=True, track_running_stats=True)
      )
      (relu): ReLU(inplace=True)
    )
    (pathway0_res1): ResBlock(
      (branch2): BottleneckTransform(
        (a): Conv3d(2048, 512, kernel_size=[3, 1, 1], stride=[1, 1, 1], padding=[1, 0, 0], bias=False)
        (a_bn): BatchNorm3d(512, eps=1e-05, momentum=0.1, affine=True, track_running_stats=True)
        (a_relu): ReLU(inplace=True)
        (b): Conv3d(512, 512, kernel_size=[1, 3, 3], stride=[1, 1, 1], padding=[0, 2, 2], dilation=[1, 2, 2], bias=False)
        (b_bn): BatchNorm3d(512, eps=1e-05, momentum=0.1, affine=True, track_running_stats=True)
        (b_relu): ReLU(inplace=True)
        (c): Conv3d(512, 2048, kernel_size=[1, 1, 1], stride=[1, 1, 1], padding=[0, 0, 0], bias=False)
        (c_bn): BatchNorm3d(2048, eps=1e-05, momentum=0.1, affine=True, track_running_stats=True)
      )
      (relu): ReLU(inplace=True)
    )
    (pathway0_res2): ResBlock(
      (branch2): BottleneckTransform(
        (a): Conv3d(2048, 512, kernel_size=[3, 1, 1], stride=[1, 1, 1], padding=[1, 0, 0], bias=False)
        (a_bn): BatchNorm3d(512, eps=1e-05, momentum=0.1, affine=True, track_running_stats=True)
        (a_relu): ReLU(inplace=True)
        (b): Conv3d(512, 512, kernel_size=[1, 3, 3], stride=[1, 1, 1], padding=[0, 2, 2], dilation=[1, 2, 2], bias=False)
        (b_bn): BatchNorm3d(512, eps=1e-05, momentum=0.1, affine=True, track_running_stats=True)
        (b_relu): ReLU(inplace=True)
        (c): Conv3d(512, 2048, kernel_size=[1, 1, 1], stride=[1, 1, 1], padding=[0, 0, 0], bias=False)
        (c_bn): BatchNorm3d(2048, eps=1e-05, momentum=0.1, affine=True, track_running_stats=True)
      )
      (relu): ReLU(inplace=True)
    )
  )
  (head): ResNetRoIHead(
    (s0_tpool): AvgPool3d(kernel_size=[4, 1, 1], stride=1, padding=0)
    (s0_roi): ROIAlign(output_size=[7, 7], spatial_scale=0.0625, sampling_ratio=0, aligned=True)
    (s0_spool): MaxPool2d(kernel_size=[7, 7], stride=1, padding=0, dilation=1, ceil_mode=False)
    (dropout): Dropout(p=0.5, inplace=False)
    (projection): Linear(in_features=2048, out_features=80, bias=True)
    (act): Sigmoid()
  )
)
[04/09 18:04:45][INFO] misc.py: 170: Params: 31,798,416
[04/09 18:04:45][INFO] misc.py: 171: Mem: 0.11942100524902344 MB
[04/09 18:04:46][WARNING] flop_count.py:  67: Skipped operation aten::batch_norm 53 time(s)
[04/09 18:04:46][WARNING] flop_count.py:  67: Skipped operation aten::max_pool3d 2 time(s)
[04/09 18:04:46][WARNING] flop_count.py:  67: Skipped operation aten::add 16 time(s)
[04/09 18:04:46][WARNING] flop_count.py:  67: Skipped operation aten::avg_pool3d 1 time(s)
[04/09 18:04:46][WARNING] flop_count.py:  67: Skipped operation torchvision::roi_align 1 time(s)
[04/09 18:04:46][WARNING] flop_count.py:  67: Skipped operation aten::max_pool2d 1 time(s)
[04/09 18:04:46][WARNING] flop_count.py:  67: Skipped operation aten::sigmoid 1 time(s)
[04/09 18:04:46][INFO] misc.py: 174: Flops: 31.814156288 G
[04/09 18:04:46][WARNING] activation_count.py:  56: Skipped operation aten::batch_norm 53 time(s)
[04/09 18:04:46][WARNING] activation_count.py:  56: Skipped operation aten::max_pool3d 2 time(s)
[04/09 18:04:46][WARNING] activation_count.py:  56: Skipped operation aten::add 16 time(s)
[04/09 18:04:46][WARNING] activation_count.py:  56: Skipped operation aten::avg_pool3d 1 time(s)
[04/09 18:04:46][WARNING] activation_count.py:  56: Skipped operation torchvision::roi_align 1 time(s)
[04/09 18:04:46][WARNING] activation_count.py:  56: Skipped operation aten::max_pool2d 1 time(s)
[04/09 18:04:46][WARNING] activation_count.py:  56: Skipped operation aten::sigmoid 1 time(s)
[04/09 18:04:46][INFO] misc.py: 179: Activations: 50.778192 M
[04/09 18:04:46][INFO] misc.py: 182: nvidia-smi
[04/09 18:05:10][INFO] ava_helper.py:  62: Finished loading image paths from: /scratch/ssd002/datasets/cv_project/ava/frame_lists/train.csv
[04/09 18:05:25][INFO] ava_helper.py: 107: Finished loading annotations from: /scratch/ssd002/datasets/cv_project/ava/ava_annotations/ava_train_v2.2.csv, /scratch/ssd002/datasets/cv_project/ava/ava_annotations/ava_train_v2.2.csv, /scratch/ssd002/datasets/cv_project/ava/ava_annotations/person_box_67091280_iou90/ava_detection_train_boxes_and_labels_include_negative_v2.2.csv
[04/09 18:05:25][INFO] ava_helper.py: 109: Detection threshold: 0.9
[04/09 18:05:25][INFO] ava_helper.py: 110: Number of unique boxes: 666191
[04/09 18:05:25][INFO] ava_helper.py: 111: Number of annotations: 2507679
[04/09 18:05:25][INFO] ava_helper.py: 157: 193301 keyframes used.
[04/09 18:05:25][INFO] ava_dataset.py:  88: === AVA dataset summary ===
[04/09 18:05:25][INFO] ava_dataset.py:  89: Split: train
[04/09 18:05:25][INFO] ava_dataset.py:  90: Number of videos: 235
[04/09 18:05:25][INFO] ava_dataset.py:  94: Number of frames: 6352104
[04/09 18:05:25][INFO] ava_dataset.py:  95: Number of key frames: 193301
[04/09 18:05:25][INFO] ava_dataset.py:  96: Number of boxes: 666191.
[04/09 18:05:32][INFO] ava_helper.py:  62: Finished loading image paths from: /scratch/ssd002/datasets/cv_project/ava/frame_lists/val.csv
[04/09 18:05:32][INFO] ava_helper.py: 107: Finished loading annotations from: /scratch/ssd002/datasets/cv_project/ava/ava_annotations/person_box_67091280_iou90/ava_detection_val_boxes_and_labels.csv
[04/09 18:05:32][INFO] ava_helper.py: 109: Detection threshold: 0.9
[04/09 18:05:32][INFO] ava_helper.py: 110: Number of unique boxes: 23011
[04/09 18:05:32][INFO] ava_helper.py: 111: Number of annotations: 0
[04/09 18:05:32][INFO] ava_helper.py: 157: 12880 keyframes used.
[04/09 18:05:32][INFO] ava_dataset.py:  88: === AVA dataset summary ===
[04/09 18:05:32][INFO] ava_dataset.py:  89: Split: val
[04/09 18:05:32][INFO] ava_dataset.py:  90: Number of videos: 64
[04/09 18:05:32][INFO] ava_dataset.py:  94: Number of frames: 1729931
[04/09 18:05:32][INFO] ava_dataset.py:  95: Number of key frames: 12880
[04/09 18:05:32][INFO] ava_dataset.py:  96: Number of boxes: 23011.
